生成启动时间为 2019/7/8 12:08:51。
     1>项目“C:\Users\万创业\Documents\Visual Studio 2010\Projects\数据结构考研复习\哈夫曼编码\哈夫曼编码\哈夫曼编码.vcxproj”在节点 2 上(build 个目标)。
     1>InitializeBuildStatus:
         正在创建“Debug\哈夫曼编码.unsuccessfulbuild”，因为已指定“AlwaysCreate”。
       ClCompile:
         D:\迅雷下载\VC\bin\CL.exe /c /ZI /nologo /W3 /WX- /Od /Oy- /D _UNICODE /D UNICODE /Gm /EHsc /RTC1 /MDd /GS /fp:precise /Zc:wchar_t /Zc:forScope /Fo"Debug\\" /Fd"Debug\vc100.pdb" /Gd /TP /analyze- /errorReport:prompt main.cpp
         main.cpp
     1>c:\users\万创业\documents\visual studio 2010\projects\数据结构考研复习\哈夫曼编码\哈夫曼编码\main.cpp(131): warning C4018: “<”: 有符号/无符号不匹配
       Link:
         D:\迅雷下载\VC\bin\link.exe /ERRORREPORT:PROMPT /OUT:"C:\Users\万创业\Documents\Visual Studio 2010\Projects\数据结构考研复习\哈夫曼编码\Debug\哈夫曼编码.exe" /NOLOGO kernel32.lib user32.lib gdi32.lib winspool.lib comdlg32.lib advapi32.lib shell32.lib ole32.lib oleaut32.lib uuid.lib odbc32.lib odbccp32.lib /MANIFEST /ManifestFile:"Debug\哈夫曼编码.exe.intermediate.manifest" /MANIFESTUAC:"level='asInvoker' uiAccess='false'" /DEBUG /PDB:"C:\Users\万创业\Documents\Visual Studio 2010\Projects\数据结构考研复习\哈夫曼编码\Debug\哈夫曼编码.pdb" /TLBID:1 /DYNAMICBASE /NXCOMPAT /IMPLIB:"C:\Users\万创业\Documents\Visual Studio 2010\Projects\数据结构考研复习\哈夫曼编码\Debug\哈夫曼编码.lib" /MACHINE:X86 Debug\main.obj
         LINK : 没有找到 C:\Users\万创业\Documents\Visual Studio 2010\Projects\数据结构考研复习\哈夫曼编码\Debug\哈夫曼编码.exe 或上一个增量链接没有生成它；正在执行完全链接
         哈夫曼编码.vcxproj -> C:\Users\万创业\Documents\Visual Studio 2010\Projects\数据结构考研复习\哈夫曼编码\Debug\哈夫曼编码.exe
       Manifest:
         C:\Program Files (x86)\Microsoft SDKs\Windows\v7.0A\bin\mt.exe /nologo /verbose /outputresource:"C:\Users\万创业\Documents\Visual Studio 2010\Projects\数据结构考研复习\哈夫曼编码\Debug\哈夫曼编码.exe;#1" /manifest "Debug\哈夫曼编码.exe.intermediate.manifest"
       FinalizeBuildStatus:
         正在删除文件“Debug\哈夫曼编码.unsuccessfulbuild”。
         正在对“Debug\哈夫曼编码.lastbuildstate”执行 Touch 任务。
     1>已完成生成项目“C:\Users\万创业\Documents\Visual Studio 2010\Projects\数据结构考研复习\哈夫曼编码\哈夫曼编码\哈夫曼编码.vcxproj”(build 个目标)的操作。

生成成功。

已用时间 00:00:01.08
