生成启动时间为 2019/7/12 17:46:05。
     1>项目“C:\Users\万创业\Documents\Visual Studio 2010\Projects\数据结构考研复习\图的深度优先搜索遍历\图的深度优先搜索遍历\图的深度优先搜索遍历.vcxproj”在节点 2 上(build 个目标)。
     1>PrepareForBuild:
         正在创建目录“C:\Users\万创业\Documents\Visual Studio 2010\Projects\数据结构考研复习\图的深度优先搜索遍历\Debug\”。
       InitializeBuildStatus:
         正在创建“Debug\图的深度优先搜索遍历.unsuccessfulbuild”，因为已指定“AlwaysCreate”。
       ClCompile:
         D:\迅雷下载\VC\bin\CL.exe /c /ZI /nologo /W3 /WX- /Od /Oy- /D _UNICODE /D UNICODE /Gm /EHsc /RTC1 /MDd /GS /fp:precise /Zc:wchar_t /Zc:forScope /Fo"Debug\\" /Fd"Debug\vc100.pdb" /Gd /TP /analyze- /errorReport:prompt mian.cpp
         mian.cpp
       Link:
         D:\迅雷下载\VC\bin\link.exe /ERRORREPORT:PROMPT /OUT:"C:\Users\万创业\Documents\Visual Studio 2010\Projects\数据结构考研复习\图的深度优先搜索遍历\Debug\图的深度优先搜索遍历.exe" /NOLOGO kernel32.lib user32.lib gdi32.lib winspool.lib comdlg32.lib advapi32.lib shell32.lib ole32.lib oleaut32.lib uuid.lib odbc32.lib odbccp32.lib /MANIFEST /ManifestFile:"Debug\图的深度优先搜索遍历.exe.intermediate.manifest" /MANIFESTUAC:"level='asInvoker' uiAccess='false'" /DEBUG /PDB:"C:\Users\万创业\Documents\Visual Studio 2010\Projects\数据结构考研复习\图的深度优先搜索遍历\Debug\图的深度优先搜索遍历.pdb" /TLBID:1 /DYNAMICBASE /NXCOMPAT /IMPLIB:"C:\Users\万创业\Documents\Visual Studio 2010\Projects\数据结构考研复习\图的深度优先搜索遍历\Debug\图的深度优先搜索遍历.lib" /MACHINE:X86 Debug\mian.obj
         图的深度优先搜索遍历.vcxproj -> C:\Users\万创业\Documents\Visual Studio 2010\Projects\数据结构考研复习\图的深度优先搜索遍历\Debug\图的深度优先搜索遍历.exe
       Manifest:
         C:\Program Files (x86)\Microsoft SDKs\Windows\v7.0A\bin\mt.exe /nologo /verbose /outputresource:"C:\Users\万创业\Documents\Visual Studio 2010\Projects\数据结构考研复习\图的深度优先搜索遍历\Debug\图的深度优先搜索遍历.exe;#1" /manifest "Debug\图的深度优先搜索遍历.exe.intermediate.manifest"
       FinalizeBuildStatus:
         正在删除文件“Debug\图的深度优先搜索遍历.unsuccessfulbuild”。
         正在对“Debug\图的深度优先搜索遍历.lastbuildstate”执行 Touch 任务。
     1>已完成生成项目“C:\Users\万创业\Documents\Visual Studio 2010\Projects\数据结构考研复习\图的深度优先搜索遍历\图的深度优先搜索遍历\图的深度优先搜索遍历.vcxproj”(build 个目标)的操作。

生成成功。

已用时间 00:00:02.42
